2026-03-20T19:28:05.857507Z DEBUG prek: 0.3.5
2026-03-20T19:28:05.858476Z DEBUG Args: ["prek", "run", "-a"]
2026-03-20T19:28:05.861605Z TRACE get_root: close time.busy=1.05ms time.idle=2.72µs
2026-03-20T19:28:05.862501Z DEBUG Git root: /ebs/home/lee_switch_box/rate-design-platform
2026-03-20T19:28:05.862518Z DEBUG Found workspace root at `/ebs/home/lee_switch_box/rate-design-platform`
2026-03-20T19:28:05.863459Z TRACE Include selectors: ``
2026-03-20T19:28:05.863465Z TRACE Skip selectors: ``
2026-03-20T19:28:05.864389Z DEBUG discover{root="/ebs/home/lee_switch_box/rate-design-platform" config=None refresh=false}: Performing fresh workspace discovery
2026-03-20T19:28:05.864399Z TRACE discover{root="/ebs/home/lee_switch_box/rate-design-platform" config=None refresh=false}:list_submodules{git_root="/ebs/home/lee_switch_box/rate-design-platform"}: close time.busy=1.51µs time.idle=469ns
2026-03-20T19:28:05.872267Z DEBUG Loading project configuration path=.pre-commit-config.yaml
2026-03-20T19:28:05.881641Z TRACE discover{root="/ebs/home/lee_switch_box/rate-design-platform" config=None refresh=false}: close time.busy=17.3ms time.idle=1.08µs
2026-03-20T19:28:05.883354Z TRACE Checking lock resource="store" path=/ebs/home/lee_switch_box/rate-design-platform/.prek-cache/.lock
2026-03-20T19:28:05.883385Z DEBUG Acquired lock resource="store"
2026-03-20T19:28:05.883443Z DEBUG Bootstrapping config tracking from workspace cache count=1
2026-03-20T19:28:05.884271Z DEBUG Cloning repo target=/ebs/home/lee_switch_box/rate-design-platform/.prek-cache/scratch/.tmpzzwauJ repo=https://github.com/pre-commit/pre-commit-hooks@v6.0.0
2026-03-20T19:28:05.884310Z TRACE Executing `/usr/bin/git -c init.defaultObjectFormat= init --template= /ebs/home/lee_switch_box/rate-design-platform/.prek-cache/scratch/.tmpzzwauJ [...]`
2026-03-20T19:28:05.884550Z DEBUG Cloning repo target=/ebs/home/lee_switch_box/rate-design-platform/.prek-cache/scratch/.tmpNFdsC0 repo=https://github.com/google/yamlfmt@v0.21.0
2026-03-20T19:28:05.884556Z TRACE Executing `/usr/bin/git -c init.defaultObjectFormat= init --template= /ebs/home/lee_switch_box/rate-design-platform/.prek-cache/scratch/.tmpNFdsC0 [...]`
2026-03-20T19:28:05.884736Z DEBUG Cloning repo target=/ebs/home/lee_switch_box/rate-design-platform/.prek-cache/scratch/.tmpOaIgkm repo=https://github.com/instrumentl/pre-commit-just@v0.1
2026-03-20T19:28:05.884744Z TRACE Executing `/usr/bin/git -c init.defaultObjectFormat= init --template= /ebs/home/lee_switch_box/rate-design-platform/.prek-cache/scratch/.tmpOaIgkm [...]`
2026-03-20T19:28:05.884957Z DEBUG Cloning repo target=/ebs/home/lee_switch_box/rate-design-platform/.prek-cache/scratch/.tmp8taAAJ repo=https://github.com/scop/pre-commit-shfmt@v3.10.0-1
2026-03-20T19:28:05.884965Z TRACE Executing `/usr/bin/git -c init.defaultObjectFormat= init --template= /ebs/home/lee_switch_box/rate-design-platform/.prek-cache/scratch/.tmp8taAAJ [...]`
2026-03-20T19:28:05.885220Z DEBUG Cloning repo target=/ebs/home/lee_switch_box/rate-design-platform/.prek-cache/scratch/.tmpwk5To4 repo=https://github.com/astral-sh/ruff-pre-commit@v0.13.2
2026-03-20T19:28:05.885229Z TRACE Executing `/usr/bin/git -c init.defaultObjectFormat= init --template= /ebs/home/lee_switch_box/rate-design-platform/.prek-cache/scratch/.tmpwk5To4 [...]`
2026-03-20T19:28:05.888643Z TRACE Executing `cd /ebs/home/lee_switch_box/rate-design-platform/.prek-cache/scratch/.tmpzzwauJ && /usr/bin/git remote add origin https://github.com/pre-commit/pre-commit-hooks`
2026-03-20T19:28:05.888840Z TRACE Executing `cd /ebs/home/lee_switch_box/rate-design-platform/.prek-cache/scratch/.tmpNFdsC0 && /usr/bin/git remote add origin https://github.com/google/yamlfmt`
2026-03-20T19:28:05.890118Z TRACE Executing `cd /ebs/home/lee_switch_box/rate-design-platform/.prek-cache/scratch/.tmpOaIgkm && /usr/bin/git remote add origin https://github.com/instrumentl/pre-commit-just`
2026-03-20T19:28:05.890317Z TRACE Executing `cd /ebs/home/lee_switch_box/rate-design-platform/.prek-cache/scratch/.tmpwk5To4 && /usr/bin/git remote add origin https://github.com/astral-sh/ruff-pre-commit`
2026-03-20T19:28:05.890532Z TRACE Executing `cd /ebs/home/lee_switch_box/rate-design-platform/.prek-cache/scratch/.tmp8taAAJ && /usr/bin/git remote add origin https://github.com/scop/pre-commit-shfmt`
2026-03-20T19:28:05.891480Z TRACE Executing `cd /ebs/home/lee_switch_box/rate-design-platform/.prek-cache/scratch/.tmpzzwauJ && /usr/bin/git fetch origin v6.0.0 --depth=1`
2026-03-20T19:28:05.894520Z TRACE Executing `cd /ebs/home/lee_switch_box/rate-design-platform/.prek-cache/scratch/.tmpNFdsC0 && /usr/bin/git fetch origin v0.21.0 --depth=1`
2026-03-20T19:28:05.895729Z TRACE Executing `cd /ebs/home/lee_switch_box/rate-design-platform/.prek-cache/scratch/.tmpOaIgkm && /usr/bin/git fetch origin v0.1 --depth=1`
2026-03-20T19:28:05.895967Z TRACE Executing `cd /ebs/home/lee_switch_box/rate-design-platform/.prek-cache/scratch/.tmp8taAAJ && /usr/bin/git fetch origin v3.10.0-1 --depth=1`
2026-03-20T19:28:05.896204Z TRACE Executing `cd /ebs/home/lee_switch_box/rate-design-platform/.prek-cache/scratch/.tmpwk5To4 && /usr/bin/git fetch origin v0.13.2 --depth=1`
2026-03-20T19:28:06.278414Z TRACE Executing `cd /ebs/home/lee_switch_box/rate-design-platform/.prek-cache/scratch/.tmpOaIgkm && /usr/bin/git checkout FETCH_HEAD`
2026-03-20T19:28:06.280129Z TRACE Executing `cd /ebs/home/lee_switch_box/rate-design-platform/.prek-cache/scratch/.tmpOaIgkm && /usr/bin/git submodule update --init --recursive --depth=1`
2026-03-20T19:28:06.291733Z TRACE Executing `cd /ebs/home/lee_switch_box/rate-design-platform/.prek-cache/scratch/.tmpzzwauJ && /usr/bin/git checkout FETCH_HEAD`
2026-03-20T19:28:06.295707Z TRACE Executing `cd /ebs/home/lee_switch_box/rate-design-platform/.prek-cache/scratch/.tmpzzwauJ && /usr/bin/git submodule update --init --recursive --depth=1`
2026-03-20T19:28:06.312956Z TRACE Executing `cd /ebs/home/lee_switch_box/rate-design-platform/.prek-cache/scratch/.tmp8taAAJ && /usr/bin/git checkout FETCH_HEAD`
2026-03-20T19:28:06.314928Z TRACE Executing `cd /ebs/home/lee_switch_box/rate-design-platform/.prek-cache/scratch/.tmp8taAAJ && /usr/bin/git submodule update --init --recursive --depth=1`
2026-03-20T19:28:06.335793Z TRACE Executing `cd /ebs/home/lee_switch_box/rate-design-platform/.prek-cache/scratch/.tmpwk5To4 && /usr/bin/git checkout FETCH_HEAD`
2026-03-20T19:28:06.337655Z TRACE Executing `cd /ebs/home/lee_switch_box/rate-design-platform/.prek-cache/scratch/.tmpwk5To4 && /usr/bin/git submodule update --init --recursive --depth=1`
2026-03-20T19:28:06.380720Z TRACE Executing `cd /ebs/home/lee_switch_box/rate-design-platform/.prek-cache/scratch/.tmpNFdsC0 && /usr/bin/git checkout FETCH_HEAD`
2026-03-20T19:28:06.389867Z TRACE Executing `cd /ebs/home/lee_switch_box/rate-design-platform/.prek-cache/scratch/.tmpNFdsC0 && /usr/bin/git submodule update --init --recursive --depth=1`
2026-03-20T19:28:06.407907Z TRACE No requires-python found in pyproject.toml hook=trailing-whitespace
2026-03-20T19:28:06.407958Z TRACE No requires-python found in pyproject.toml hook=end-of-file-fixer
2026-03-20T19:28:06.408023Z TRACE No requires-python found in pyproject.toml hook=check-added-large-files
2026-03-20T19:28:06.408084Z TRACE No requires-python found in pyproject.toml hook=check-merge-conflict
2026-03-20T19:28:06.408133Z TRACE No requires-python found in pyproject.toml hook=check-case-conflict
2026-03-20T19:28:06.408172Z TRACE No requires-python found in pyproject.toml hook=check-toml
2026-03-20T19:28:06.408213Z TRACE No requires-python found in pyproject.toml hook=check-json
2026-03-20T19:28:06.408249Z TRACE No requires-python found in pyproject.toml hook=pretty-format-json
2026-03-20T19:28:06.408288Z TRACE No requires-python found in pyproject.toml hook=check-yaml
2026-03-20T19:28:06.408345Z TRACE Using go.mod-derived language_version hook=yamlfmt version=>= 1.22.0
2026-03-20T19:28:06.408369Z TRACE No requires-python found in pyproject.toml hook=shfmt
2026-03-20T19:28:06.408398Z TRACE Skipping reading PEP 723 metadata for hook `dprint` because it already has `additional_dependencies`
2026-03-20T19:28:06.408990Z TRACE No requires-python found in pyproject.toml hook=ruff-check
2026-03-20T19:28:06.409052Z TRACE No requires-python found in pyproject.toml hook=ruff-format
2026-03-20T19:28:06.409097Z DEBUG Hooks going to run: ["trailing-whitespace", "end-of-file-fixer", "check-added-large-files", "check-merge-conflict", "check-case-conflict", "check-toml", "check-json", "pretty-format-json", "check-yaml", "yamlfmt", "format-justfile", "shfmt", "dprint", "ty", "ruff-check", "ruff-format"]
2026-03-20T19:28:06.409171Z DEBUG Hook `ty` does not need installation
2026-03-20T19:28:06.410116Z DEBUG Found uv in PATH: /usr/local/bin/uv
2026-03-20T19:28:06.414425Z TRACE Using system uv version 0.10.6 at /usr/local/bin/uv
2026-03-20T19:28:06.414458Z DEBUG Installing environment hook=trailing-whitespace target=/ebs/home/lee_switch_box/rate-design-platform/.prek-cache/hooks/python-wTFdnOoZCJGqHz6sAkNS
2026-03-20T19:28:06.414464Z TRACE Executing `/usr/local/bin/uv venv /ebs/home/lee_switch_box/rate-design-platform/.prek-cache/hooks/python-wTFdnOoZCJGqHz6sAkNS --python-preference managed [...]`
2026-03-20T19:28:06.414656Z TRACE Using system uv version 0.10.6 at /usr/local/bin/uv
2026-03-20T19:28:06.414675Z DEBUG Installing environment hook=shfmt target=/ebs/home/lee_switch_box/rate-design-platform/.prek-cache/hooks/python-liXtQ8Zl56tFcWeh2Owl
2026-03-20T19:28:06.414679Z TRACE Executing `/usr/local/bin/uv venv /ebs/home/lee_switch_box/rate-design-platform/.prek-cache/hooks/python-liXtQ8Zl56tFcWeh2Owl --python-preference managed [...]`
2026-03-20T19:28:06.414966Z TRACE Using system uv version 0.10.6 at /usr/local/bin/uv
2026-03-20T19:28:06.414981Z DEBUG Installing environment hook=dprint target=/ebs/home/lee_switch_box/rate-design-platform/.prek-cache/hooks/python-h75P2jrUtMAVvJSFs11U
2026-03-20T19:28:06.414985Z TRACE Executing `/usr/local/bin/uv venv /ebs/home/lee_switch_box/rate-design-platform/.prek-cache/hooks/python-h75P2jrUtMAVvJSFs11U --python-preference managed [...]`
2026-03-20T19:28:06.415152Z TRACE Using system uv version 0.10.6 at /usr/local/bin/uv
2026-03-20T19:28:06.415177Z DEBUG Installing environment hook=ruff-check target=/ebs/home/lee_switch_box/rate-design-platform/.prek-cache/hooks/python-Yfxe4FKLDui7xaZ3o77z
2026-03-20T19:28:06.415183Z TRACE Executing `/usr/local/bin/uv venv /ebs/home/lee_switch_box/rate-design-platform/.prek-cache/hooks/python-Yfxe4FKLDui7xaZ3o77z --python-preference managed [...]`
2026-03-20T19:28:06.415369Z DEBUG Hook `format-justfile` does not need installation
2026-03-20T19:28:06.415406Z TRACE Checking lock resource="go" path=/ebs/home/lee_switch_box/rate-design-platform/.prek-cache/tools/go/.lock
2026-03-20T19:28:06.415420Z DEBUG Acquired lock resource="go"
2026-03-20T19:28:06.415514Z DEBUG No system go matches the requested version go_request=Range(VersionReq { comparators: [Comparator { op: GreaterEq, major: 1, minor: Some(22), patch: Some(0), pre: Prerelease("") }] }, ">= 1.22.0")
2026-03-20T19:28:06.415526Z TRACE Executing `/usr/bin/git ls-remote --tags https://github.com/golang/go`
2026-03-20T19:28:06.635029Z DEBUG Venv created successfully with no downloads: `/ebs/home/lee_switch_box/rate-design-platform/.prek-cache/hooks/python-wTFdnOoZCJGqHz6sAkNS`
2026-03-20T19:28:06.635062Z TRACE Installing dependencies from repo path: /ebs/home/lee_switch_box/rate-design-platform/.prek-cache/repos/9f2aecb6df5c72eb
2026-03-20T19:28:06.635068Z TRACE Executing `/usr/local/bin/uv pip install --project / --directory /ebs/home/lee_switch_box/rate-design-platform/.prek-cache/repos/9f2aecb6df5c72eb .`
2026-03-20T19:28:06.669607Z DEBUG Venv created successfully with no downloads: `/ebs/home/lee_switch_box/rate-design-platform/.prek-cache/hooks/python-Yfxe4FKLDui7xaZ3o77z`
2026-03-20T19:28:06.669643Z TRACE Installing dependencies from repo path: /ebs/home/lee_switch_box/rate-design-platform/.prek-cache/repos/67668bbba5e3562a
2026-03-20T19:28:06.669648Z TRACE Executing `/usr/local/bin/uv pip install --project / --directory /ebs/home/lee_switch_box/rate-design-platform/.prek-cache/repos/67668bbba5e3562a .`
2026-03-20T19:28:06.671630Z DEBUG Venv created successfully with no downloads: `/ebs/home/lee_switch_box/rate-design-platform/.prek-cache/hooks/python-liXtQ8Zl56tFcWeh2Owl`
2026-03-20T19:28:06.671661Z TRACE Installing dependencies from repo path: /ebs/home/lee_switch_box/rate-design-platform/.prek-cache/repos/69fc3b2bc76a003d
2026-03-20T19:28:06.671666Z TRACE Executing `/usr/local/bin/uv pip install --project / --directory /ebs/home/lee_switch_box/rate-design-platform/.prek-cache/repos/69fc3b2bc76a003d .`
2026-03-20T19:28:06.672575Z DEBUG Venv created successfully with no downloads: `/ebs/home/lee_switch_box/rate-design-platform/.prek-cache/hooks/python-h75P2jrUtMAVvJSFs11U`
2026-03-20T19:28:06.672593Z TRACE Installing additional dependencies: {"dprint-py"}
2026-03-20T19:28:06.672598Z TRACE Executing `/usr/local/bin/uv pip install --project / dprint-py`
2026-03-20T19:28:06.699945Z TRACE Installing go version=1.26.1
2026-03-20T19:28:06.709513Z TRACE Released lock path=/ebs/home/lee_switch_box/rate-design-platform/.prek-cache/tools/go/.lock
2026-03-20T19:28:06.710642Z TRACE Released lock path=/ebs/home/lee_switch_box/rate-design-platform/.prek-cache/.lock
